<?xml version="1.0" encoding="UTF-8"?>
<testng-results skipped="0" failed="0" ignored="0" total="0" passed="0">
  <reporter-output>
  </reporter-output>
  <suite name="com.listener.TestngListener" duration-ms="13" started-at="2019-02-05T10:15:37Z" finished-at="2019-02-05T10:15:37Z">
    <groups>
    </groups>
    <test name="Command line test" duration-ms="13" started-at="2019-02-05T10:15:37Z" finished-at="2019-02-05T10:15:37Z">
    </test> <!-- Command line test -->
  </suite> <!-- com.listener.TestngListener -->
</testng-results>
